<?xml version="1.0" encoding="UTF-8"?>
<testng-results skipped="0" failed="1" ignored="0" total="1" passed="0">
  <reporter-output>
    <line>
      <![CDATA[This is a failed test screen shot....]]>
    </line>
    <line>
      <![CDATA[<a href='C:\workspace\AmazonApp2\Screenshots\2020-09-12-11-50-17\HomePageTest\addNewAddressTestpng'><img src='C:\workspace\AmazonApp2\Screenshots\2020-09-12-11-50-17\HomePageTest\addNewAddressTestpng'height='100' width='100'/></a>]]>
    </line>
  </reporter-output>
  <suite name="Suite" duration-ms="73006" started-at="2020-09-12T06:20:17Z" finished-at="2020-09-12T06:21:30Z">
    <groups>
    </groups>
    <test name="test" duration-ms="73006" started-at="2020-09-12T06:20:17Z" finished-at="2020-09-12T06:21:30Z">
      <class name="com.vikas.testcases.HomePageTest">
        <test-method status="PASS" signature="initializeDriver(java.lang.String, java.lang.String, java.lang.String, java.lang.String)[pri:0, instance:com.vikas.testcases.HomePageTest@320068]" name="initializeDriver" is-config="true" duration-ms="16704" started-at="2020-09-12T06:20:17Z" finished-at="2020-09-12T06:20:34Z">
          <params>
            <param index="0">
              <value>
                <![CDATA[Android]]>
              </value>
            </param>
            <param index="1">
              <value>
                <![CDATA[9.0]]>
              </value>
            </param>
            <param index="2">
              <value>
                <![CDATA[7GT7N18905004668]]>
              </value>
            </param>
            <param index="3">
              <value>
                <![CDATA[7GT7N18905004668]]>
              </value>
            </param>
          </params>
          <reporter-output>
          </reporter-output>
        </test-method> <!-- initializeDriver -->
        <test-method status="PASS" signature="beforeClass()[pri:0, instance:com.vikas.testcases.HomePageTest@320068]" name="beforeClass" is-config="true" duration-ms="17" started-at="2020-09-12T06:20:34Z" finished-at="2020-09-12T06:20:34Z">
          <reporter-output>
          </reporter-output>
        </test-method> <!-- beforeClass -->
        <test-method status="PASS" signature="beforeMethod()[pri:0, instance:com.vikas.testcases.HomePageTest@320068]" name="beforeMethod" is-config="true" duration-ms="695" started-at="2020-09-12T06:20:34Z" finished-at="2020-09-12T06:20:34Z">
          <reporter-output>
          </reporter-output>
        </test-method> <!-- beforeMethod -->
        <test-method status="FAIL" signature="addNewAddressTest()[pri:0, instance:com.vikas.testcases.HomePageTest@320068]" name="addNewAddressTest" duration-ms="51743" started-at="2020-09-12T06:20:34Z" finished-at="2020-09-12T06:21:26Z">
          <exception class="java.lang.AssertionError">
            <message>
              <![CDATA[Some Thing is wrong with the title --  expected [Search] but found [Searchcdc]]]>
            </message>
            <full-stacktrace>
              <![CDATA[java.lang.AssertionError: Some Thing is wrong with the title --  expected [Search] but found [Searchcdc]
at org.testng.Assert.fail(Assert.java:96)
at org.testng.Assert.failNotEquals(Assert.java:776)
at org.testng.Assert.assertEqualsImpl(Assert.java:137)
at org.testng.Assert.assertEquals(Assert.java:118)
at org.testng.Assert.assertEquals(Assert.java:453)
at com.vikas.testcases.HomePageTest.addNewAddressTest(HomePageTest.java:83)
at sun.reflect.NativeMethodAccessorImpl.invoke0(Native Method)
at sun.reflect.NativeMethodAccessorImpl.invoke(NativeMethodAccessorImpl.java:62)
at sun.reflect.DelegatingMethodAccessorImpl.invoke(DelegatingMethodAccessorImpl.java:43)
at java.lang.reflect.Method.invoke(Method.java:498)
at org.testng.internal.MethodInvocationHelper.invokeMethod(MethodInvocationHelper.java:124)
at org.testng.internal.Invoker.invokeMethod(Invoker.java:583)
at org.testng.internal.Invoker.invokeTestMethod(Invoker.java:719)
at org.testng.internal.Invoker.invokeTestMethods(Invoker.java:989)
at org.testng.internal.TestMethodWorker.invokeTestMethods(TestMethodWorker.java:125)
at org.testng.internal.TestMethodWorker.run(TestMethodWorker.java:109)
at org.testng.TestRunner.privateRun(TestRunner.java:648)
at org.testng.TestRunner.run(TestRunner.java:505)
at org.testng.SuiteRunner.runTest(SuiteRunner.java:455)
at org.testng.SuiteRunner.runSequentially(SuiteRunner.java:450)
at org.testng.SuiteRunner.privateRun(SuiteRunner.java:415)
at org.testng.SuiteRunner.run(SuiteRunner.java:364)
at org.testng.SuiteRunnerWorker.runSuite(SuiteRunnerWorker.java:52)
at org.testng.SuiteRunnerWorker.run(SuiteRunnerWorker.java:84)
at org.testng.TestNG.runSuitesSequentially(TestNG.java:1208)
at org.testng.TestNG.runSuitesLocally(TestNG.java:1137)
at org.testng.TestNG.runSuites(TestNG.java:1049)
at org.testng.TestNG.run(TestNG.java:1017)
at org.testng.remote.AbstractRemoteTestNG.run(AbstractRemoteTestNG.java:114)
at org.testng.remote.RemoteTestNG.initAndRun(RemoteTestNG.java:251)
at org.testng.remote.RemoteTestNG.main(RemoteTestNG.java:77)
]]>
            </full-stacktrace>
          </exception> <!-- java.lang.AssertionError -->
          <reporter-output>
            <line>
              <![CDATA[This is a failed test screen shot....]]>
            </line>
            <line>
              <![CDATA[<a href='C:\workspace\AmazonApp2\Screenshots\2020-09-12-11-50-17\HomePageTest\addNewAddressTestpng'><img src='C:\workspace\AmazonApp2\Screenshots\2020-09-12-11-50-17\HomePageTest\addNewAddressTestpng'height='100' width='100'/></a>]]>
            </line>
          </reporter-output>
        </test-method> <!-- addNewAddressTest -->
        <test-method status="PASS" signature="afterMethod()[pri:0, instance:com.vikas.testcases.HomePageTest@320068]" name="afterMethod" is-config="true" duration-ms="1" started-at="2020-09-12T06:21:29Z" finished-at="2020-09-12T06:21:29Z">
          <reporter-output>
          </reporter-output>
        </test-method> <!-- afterMethod -->
        <test-method status="PASS" signature="afterMethod(org.testng.ITestResult)[pri:0, instance:com.vikas.testcases.HomePageTest@320068]" name="afterMethod" is-config="true" duration-ms="252" started-at="2020-09-12T06:21:29Z" finished-at="2020-09-12T06:21:29Z">
          <params>
            <param index="0">
              <value>
                <![CDATA[[TestResult name=addNewAddressTest status=FAILURE method=HomePageTest.addNewAddressTest()[pri:0, instance:com.vikas.testcases.HomePageTest@320068] output=This is a failed test screen shot....]]]>
              </value>
            </param>
          </params>
          <reporter-output>
          </reporter-output>
        </test-method> <!-- afterMethod -->
        <test-method status="PASS" signature="afterClass()[pri:0, instance:com.vikas.testcases.HomePageTest@320068]" name="afterClass" is-config="true" duration-ms="711" started-at="2020-09-12T06:21:29Z" finished-at="2020-09-12T06:21:30Z">
          <reporter-output>
          </reporter-output>
        </test-method> <!-- afterClass -->
      </class> <!-- com.vikas.testcases.HomePageTest -->
    </test> <!-- test -->
  </suite> <!-- Suite -->
</testng-results>
